<?xml version="1.0" encoding="UTF-8"?>
<!-- Generated by org.testng.reporters.JUnitReportReporter -->
<testsuite hostname="DESKTOP-1FJC9IP" failures="0" tests="2" name="com.qa.booksWagon.testcases.SearchBookPageTest" time="53.501" errors="0" timestamp="2022-09-27T14:03:03 IST" skipped="0">
  <testcase classname="com.qa.booksWagon.testcases.SearchBookPageTest" name="verifySearchPageTest" time="39.859"/>
  <system-out/>
  <testcase classname="com.qa.booksWagon.testcases.SearchBookPageTest" name="validateSearchPageTitle" time="13.642"/>
  <system-out/>
</testsuite> <!-- com.qa.booksWagon.testcases.SearchBookPageTest -->
