<?xml version="1.0" encoding="UTF-8"?>
<!-- Generated by org.testng.reporters.JUnitReportReporter -->
<testsuite hostname="DESKTOP-1FJC9IP" failures="0" tests="7" name="com.qa.booksWagon.testcases.LoginPageTest" time="217.631" errors="0" timestamp="2022-09-27T14:03:03 IST" skipped="0">
  <testcase classname="com.qa.booksWagon.testcases.LoginPageTest" name="loginPageTitleTest" time="35.816"/>
  <system-out/>
  <testcase classname="com.qa.booksWagon.testcases.LoginPageTest" name="loginPageurUrlTest" time="18.017"/>
  <system-out/>
  <testcase classname="com.qa.booksWagon.testcases.LoginPageTest" name="ImageTest" time="20.105"/>
  <system-out/>
  <testcase classname="com.qa.booksWagon.testcases.LoginPageTest" name="loginTest" time="31.227"/>
  <system-out/>
  <testcase classname="com.qa.booksWagon.testcases.LoginPageTest" name="MultipleUserLoginTest" time="22.603"/>
  <system-out/>
  <testcase classname="com.qa.booksWagon.testcases.LoginPageTest" name="MultipleUserLoginTest" time="36.913"/>
  <system-out/>
  <testcase classname="com.qa.booksWagon.testcases.LoginPageTest" name="MultipleUserLoginTest" time="52.950"/>
  <system-out/>
</testsuite> <!-- com.qa.booksWagon.testcases.LoginPageTest -->
