<?xml version="1.0" encoding="UTF-8"?>
<!-- Generated by org.testng.reporters.JUnitReportReporter -->
<testsuite hostname="DESKTOP-1FJC9IP" failures="0" tests="5" name="com.qa.booksWagon.testcases.WishListPageTest" time="190.241" errors="0" timestamp="2022-09-27T14:03:03 IST" skipped="0">
  <testcase classname="com.qa.booksWagon.testcases.WishListPageTest" name="feature_authTest" time="36.889"/>
  <system-out/>
  <testcase classname="com.qa.booksWagon.testcases.WishListPageTest" name="search_BookNameTest" time="58.177"/>
  <system-out/>
  <testcase classname="com.qa.booksWagon.testcases.WishListPageTest" name="addWishlist_AuthorNameTest" time="45.832"/>
  <system-out/>
  <testcase classname="com.qa.booksWagon.testcases.WishListPageTest" name="addWishlist_PublisherTest" time="26.711"/>
  <system-out/>
  <testcase classname="com.qa.booksWagon.testcases.WishListPageTest" name="wishlist_Test" time="22.632"/>
  <system-out/>
</testsuite> <!-- com.qa.booksWagon.testcases.WishListPageTest -->
