<?xml version="1.0" encoding="UTF-8"?>
<!-- Generated by org.testng.reporters.JUnitReportReporter -->
<testsuite hostname="DESKTOP-1FJC9IP" failures="0" tests="1" name="com.qa.booksWagon.testcases.LogOutPageTest" time="21.714" errors="0" timestamp="2022-09-27T21:03:09 IST" skipped="0">
  <testcase classname="com.qa.booksWagon.testcases.LogOutPageTest" name="logOut" time="21.714"/>
  <system-out/>
</testsuite> <!-- com.qa.booksWagon.testcases.LogOutPageTest -->
