<?xml version="1.0" encoding="UTF-8"?>
<!-- Generated by org.testng.reporters.JUnitReportReporter -->
<testsuite hostname="DESKTOP-1FJC9IP" failures="0" tests="1" name="com.qa.booksWagon.testcases.AddAddressTest" time="209.676" errors="0" timestamp="2022-09-27T17:48:10 IST" skipped="0">
  <testcase classname="com.qa.booksWagon.testcases.AddAddressTest" name="add_Address_Test" time="209.676"/>
  <system-out/>
</testsuite> <!-- com.qa.booksWagon.testcases.AddAddressTest -->
