<?xml version="1.0" encoding="UTF-8"?>
<!-- Generated by org.testng.reporters.JUnitReportReporter -->
<testsuite hostname="DESKTOP-1FJC9IP" failures="0" tests="3" name="com.qa.booksWagon.testcases.HomePageTest" time="52.589" errors="0" timestamp="2022-09-27T14:03:03 IST" skipped="0">
  <testcase classname="com.qa.booksWagon.testcases.HomePageTest" name="HomePageTitleTest" time="14.913"/>
  <system-out/>
  <testcase classname="com.qa.booksWagon.testcases.HomePageTest" name="verifyUserNameTest" time="14.778"/>
  <system-out/>
  <testcase classname="com.qa.booksWagon.testcases.HomePageTest" name="verifyClickOnLogout" time="22.898"/>
  <system-out/>
</testsuite> <!-- com.qa.booksWagon.testcases.HomePageTest -->
